0 info it worked if it ends with ok
1 verbose cli [ '/usr/bin/node', '/usr/bin/npm', 'run', 'test' ]
2 info using npm@1.4.28
3 info using node@v0.10.38
4 verbose node symlink /usr/bin/node
5 verbose run-script [ 'pretest', 'test', 'posttest' ]
6 info pretest clone@1.0.2
7 info test clone@1.0.2
8 verbose unsafe-perm in lifecycle true
9 info clone@1.0.2 Failed to exec test script
10 error clone@1.0.2 test: `nodeunit test.js`
10 error Exit status 1
11 error Failed at the clone@1.0.2 test script.
11 error This is most likely a problem with the clone package,
11 error not with npm itself.
11 error Tell the author that this fails on your system:
11 error     nodeunit test.js
11 error You can get their info via:
11 error     npm owner ls clone
11 error There is likely additional logging output above.
12 error System Linux 3.13.0-49-generic
13 error command "/usr/bin/node" "/usr/bin/npm" "run" "test"
14 error cwd /home/kory/dev/node-clone
15 error node -v v0.10.38
16 error npm -v 1.4.28
17 error code ELIFECYCLE
18 verbose exit [ 1, true ]
